<?xml version="1.0" encoding="UTF-8"?>
<!-- Generated by org.testng.reporters.JUnitXMLReporter -->
<testsuite hostname="Reginas-MacBook-Pro.local" ignored="0" name="Command line test" tests="8" failures="0" timestamp="2023-01-24T00:28:58 CST" time="96.372" errors="0">
  <testcase name="validateLoginForm" time="0.399" classname="scripts.TechGlobalLoginFormTest"/>
  <testcase name="validLoginForm" time="2.36" classname="scripts.TechGlobalLoginFormTest"/>
  <testcase name="validateLoginAndLogoutForm" time="3.11" classname="scripts.TechGlobalLoginFormTest"/>
  <testcase name="validateForgotPassword" time="0.344" classname="scripts.TechGlobalLoginFormTest"/>
  <testcase name="validateResetPasswordLink" time="2.036" classname="scripts.TechGlobalLoginFormTest"/>
  <testcase name="validateInvalidUsername" time="1.988" classname="scripts.TechGlobalLoginFormTest"/>
  <testcase name="validateInvalidPassword" time="2.201" classname="scripts.TechGlobalLoginFormTest"/>
  <testcase name="validateInvalidUsernameAndPassword" time="1.903" classname="scripts.TechGlobalLoginFormTest"/>
</testsuite> <!-- Command line test -->
