<?xml version="1.0" encoding="UTF-8"?>
<!-- Generated by org.testng.reporters.JUnitXMLReporter -->
<testsuite hostname="Reginas-MacBook-Pro.local" ignored="0" name="Command line test" tests="8" failures="0" timestamp="2023-01-24T00:21:11 CST" time="96.541" errors="0">
  <testcase name="validateLoginForm" time="1.208" classname="scripts.TechGlobalLoginFormTest"/>
  <testcase name="validLoginForm" time="3.209" classname="scripts.TechGlobalLoginFormTest"/>
  <testcase name="validateLoginAndLogoutForm" time="3.568" classname="scripts.TechGlobalLoginFormTest"/>
  <testcase name="validateForgotPassword" time="1.032" classname="scripts.TechGlobalLoginFormTest"/>
  <testcase name="validateResetPasswordLink" time="2.587" classname="scripts.TechGlobalLoginFormTest"/>
  <testcase name="validateInvalidUsername" time="2.578" classname="scripts.TechGlobalLoginFormTest"/>
  <testcase name="validateInvalidPassword" time="2.802" classname="scripts.TechGlobalLoginFormTest"/>
  <testcase name="validateInvalidUsernameAndPassword" time="2.491" classname="scripts.TechGlobalLoginFormTest"/>
</testsuite> <!-- Command line test -->
