<?xml version="1.0" encoding="UTF-8"?>
<testng-results skipped="0" failed="0" ignored="0" total="1" passed="1">
  <reporter-output>
  </reporter-output>
  <suite name="Command line suite" duration-ms="12610" started-at="2023-01-23T22:55:13 CST" finished-at="2023-01-23T22:55:26 CST">
    <groups>
    </groups>
    <test name="Command line test" duration-ms="12610" started-at="2023-01-23T22:55:13 CST" finished-at="2023-01-23T22:55:26 CST">
      <class name="scripts.TechGlobalLoginFormTest">
        <test-method status="PASS" signature="setUp()[pri:0, instance:scripts.TechGlobalLoginFormTest@5442a311]" name="setUp" is-config="true" duration-ms="8626" started-at="2023-01-23T22:55:13 CST" finished-at="2023-01-23T22:55:22 CST">
          <reporter-output>
          </reporter-output>
        </test-method> <!-- setUp -->
        <test-method status="PASS" signature="setPage()[pri:0, instance:scripts.TechGlobalLoginFormTest@5442a311]" name="setPage" is-config="true" duration-ms="10" started-at="2023-01-23T22:55:22 CST" finished-at="2023-01-23T22:55:22 CST">
          <reporter-output>
          </reporter-output>
        </test-method> <!-- setPage -->
        <test-method status="PASS" signature="validateLoginForm()[pri:1, instance:scripts.TechGlobalLoginFormTest@5442a311]" name="validateLoginForm" duration-ms="3840" started-at="2023-01-23T22:55:22 CST" description="Validate Login Form card" finished-at="2023-01-23T22:55:25 CST">
          <reporter-output>
          </reporter-output>
        </test-method> <!-- validateLoginForm -->
        <test-method status="PASS" signature="tearDown()[pri:0, instance:scripts.TechGlobalLoginFormTest@5442a311]" name="tearDown" is-config="true" duration-ms="85" started-at="2023-01-23T22:55:25 CST" finished-at="2023-01-23T22:55:26 CST">
          <reporter-output>
          </reporter-output>
        </test-method> <!-- tearDown -->
      </class> <!-- scripts.TechGlobalLoginFormTest -->
    </test> <!-- Command line test -->
  </suite> <!-- Command line suite -->
</testng-results>
